11:53:01.926 [main] INFO  b.r.packetdelivery.back_end.App - Starting App on WP2039 with PID 3384 (C:\Users\rdeax37\Documents\School\Project\Implementatie\BackEnd\RestController\target\classes started by RDEAX37 in C:\Users\rdeax37\Documents\School\Project\Implementatie\BackEnd)
11:53:01.934 [main] INFO  b.r.packetdelivery.back_end.App - The following profiles are active: production
11:53:02.199 [main] INFO  o.s.b.c.e.AnnotationConfigEmbeddedWebApplicationContext - Refreshing org.springframework.boot.context.embedded.AnnotationConfigEmbeddedWebApplicationContext@f0f2775: startup date [Wed Dec 30 11:53:02 CET 2015]; root of context hierarchy
11:53:02.633 [pool-1-thread-1] INFO  o.h.validator.internal.util.Version - HV000001: Hibernate Validator 5.2.2.Final
11:53:04.905 [main] INFO  o.s.b.f.s.DefaultListableBeanFactory - Overriding bean definition for bean 'beanNameViewResolver' with a different definition: replacing [Root bean: class [null]; scope=; abstract=false; lazyInit=false; autowireMode=3; dependencyCheck=0; autowireCandidate=true; primary=false; factoryBeanName=org.springframework.boot.autoconfigure.web.ErrorMvcAutoConfiguration$WhitelabelErrorViewConfiguration; factoryMethodName=beanNameViewResolver; initMethodName=null; destroyMethodName=(inferred); defined in class path resource [org/springframework/boot/autoconfigure/web/ErrorMvcAutoConfiguration$WhitelabelErrorViewConfiguration.class]] with [Root bean: class [null]; scope=; abstract=false; lazyInit=false; autowireMode=3; dependencyCheck=0; autowireCandidate=true; primary=false; factoryBeanName=org.springframework.boot.autoconfigure.web.WebMvcAutoConfiguration$WebMvcAutoConfigurationAdapter; factoryMethodName=beanNameViewResolver; initMethodName=null; destroyMethodName=(inferred); defined in class path resource [org/springframework/boot/autoconfigure/web/WebMvcAutoConfiguration$WebMvcAutoConfigurationAdapter.class]]
11:53:06.084 [main] INFO  o.s.c.s.PostProcessorRegistrationDelegate$BeanPostProcessorChecker - Bean 'org.springframework.transaction.annotation.ProxyTransactionManagementConfiguration' of type [class org.springframework.transaction.annotation.ProxyTransactionManagementConfiguration$$EnhancerBySpringCGLIB$$91fcf903] is not eligible for getting processed by all BeanPostProcessors (for example: not eligible for auto-proxying)
11:53:06.986 [main] INFO  o.s.b.c.e.t.TomcatEmbeddedServletContainer - Tomcat initialized with port(s): 8080 (http)
11:53:07.026 [main] INFO  o.a.catalina.core.StandardService - Starting service Tomcat
11:53:07.028 [main] INFO  o.a.catalina.core.StandardEngine - Starting Servlet Engine: Apache Tomcat/8.0.28
11:53:07.266 [localhost-startStop-1] INFO  o.a.c.c.C.[Tomcat].[localhost].[/] - Initializing Spring embedded WebApplicationContext
11:53:07.266 [localhost-startStop-1] INFO  o.s.web.context.ContextLoader - Root WebApplicationContext: initialization completed in 5071 ms
11:53:07.836 [localhost-startStop-1] INFO  o.s.b.c.e.ServletRegistrationBean - Mapping servlet: 'dispatcherServlet' to [/]
11:53:07.844 [localhost-startStop-1] INFO  o.s.b.c.e.FilterRegistrationBean - Mapping filter: 'characterEncodingFilter' to: [/*]
11:53:07.845 [localhost-startStop-1] INFO  o.s.b.c.e.FilterRegistrationBean - Mapping filter: 'hiddenHttpMethodFilter' to: [/*]
11:53:07.845 [localhost-startStop-1] INFO  o.s.b.c.e.FilterRegistrationBean - Mapping filter: 'httpPutFormContentFilter' to: [/*]
11:53:07.845 [localhost-startStop-1] INFO  o.s.b.c.e.FilterRegistrationBean - Mapping filter: 'requestContextFilter' to: [/*]
11:53:08.424 [main] INFO  o.s.o.j.LocalContainerEntityManagerFactoryBean - Building JPA container EntityManagerFactory for persistence unit 'default'
11:53:08.464 [main] INFO  o.h.jpa.internal.util.LogHelper - HHH000204: Processing PersistenceUnitInfo [
	name: default
	...]
11:53:08.714 [main] INFO  org.hibernate.Version - HHH000412: Hibernate Core {4.3.11.Final}
11:53:08.717 [main] INFO  org.hibernate.cfg.Environment - HHH000206: hibernate.properties not found
11:53:08.721 [main] INFO  org.hibernate.cfg.Environment - HHH000021: Bytecode provider name : javassist
11:53:09.229 [main] INFO  o.h.annotations.common.Version - HCANN000001: Hibernate Commons Annotations {4.0.5.Final}
11:53:09.646 [main] INFO  org.hibernate.dialect.Dialect - HHH000400: Using dialect: org.hibernate.dialect.MySQL5Dialect
11:53:10.027 [main] INFO  o.h.h.i.a.ASTQueryTranslatorFactory - HHH000397: Using ASTQueryTranslatorFactory
11:53:10.466 [main] INFO  o.h.tool.hbm2ddl.SchemaExport - HHH000227: Running hbm2ddl schema export
11:53:11.702 [main] ERROR o.h.tool.hbm2ddl.SchemaExport - HHH000388: Unsuccessful: insert into packet_delivery.region_adjacent_regioans(region_id, adjacent_regions_id) values (3,7); /*LI1*/
11:53:11.702 [main] ERROR o.h.tool.hbm2ddl.SchemaExport - Table 'packet_delivery.region_adjacent_regioans' doesn't exist
11:53:11.743 [main] INFO  o.h.tool.hbm2ddl.SchemaExport - HHH000230: Schema export complete
11:53:12.914 [main] INFO  o.s.w.s.m.m.a.RequestMappingHandlerAdapter - Looking for @ControllerAdvice: org.springframework.boot.context.embedded.AnnotationConfigEmbeddedWebApplicationContext@f0f2775: startup date [Wed Dec 30 11:53:02 CET 2015]; root of context hierarchy
11:53:13.066 [main] INFO  o.s.w.s.m.m.a.RequestMappingHandlerMapping - Mapped "{[/packet/add],methods=[POST]}" onto public java.lang.String be.rdhaese.packetdelivery.back_end.rest_controller.AddPacketController.addPacket(be.rdhaese.packetdelivery.dto.PacketDTO)
11:53:13.070 [main] INFO  o.s.w.s.m.m.a.RequestMappingHandlerMapping - Mapped "{[/authenticate/],methods=[GET]}" onto public boolean be.rdhaese.packetdelivery.back_end.rest_controller.AuthenticateController.authenticate(java.lang.String,java.lang.String)
11:53:13.073 [main] INFO  o.s.w.s.m.m.a.RequestMappingHandlerMapping - Mapped "{[/round/new],methods=[GET]}" onto public java.lang.String be.rdhaese.packetdelivery.back_end.rest_controller.CreateNewRoundService.newRound(int)
11:53:13.074 [main] INFO  o.s.w.s.m.m.a.RequestMappingHandlerMapping - Mapped "{[/contact-information/get],methods=[GET]}" onto public be.rdhaese.packetdelivery.dto.ContactDetailsDTO be.rdhaese.packetdelivery.back_end.rest_controller.EditContactInformationController.get()
11:53:13.075 [main] INFO  o.s.w.s.m.m.a.RequestMappingHandlerMapping - Mapped "{[/contact-information/post],methods=[POST]}" onto public boolean be.rdhaese.packetdelivery.back_end.rest_controller.EditContactInformationController.post(be.rdhaese.packetdelivery.dto.ContactDetailsDTO)
11:53:13.076 [main] INFO  o.s.w.s.m.m.a.RequestMappingHandlerMapping - Mapped "{[/regions/all],methods=[GET]}" onto public java.util.Collection<be.rdhaese.packetdelivery.dto.RegionDTO> be.rdhaese.packetdelivery.back_end.rest_controller.GetRegionsController.regions()
11:53:13.080 [main] INFO  o.s.w.s.m.m.a.RequestMappingHandlerMapping - Mapped "{[/error]}" onto public org.springframework.http.ResponseEntity<java.util.Map<java.lang.String, java.lang.Object>> org.springframework.boot.autoconfigure.web.BasicErrorController.error(javax.servlet.http.HttpServletRequest)
11:53:13.081 [main] INFO  o.s.w.s.m.m.a.RequestMappingHandlerMapping - Mapped "{[/error],produces=[text/html]}" onto public org.springframework.web.servlet.ModelAndView org.springframework.boot.autoconfigure.web.BasicErrorController.errorHtml(javax.servlet.http.HttpServletRequest)
11:53:13.270 [main] INFO  o.s.w.s.h.SimpleUrlHandlerMapping - Mapped URL path [/webjars/**] onto handler of type [class org.springframework.web.servlet.resource.ResourceHttpRequestHandler]
11:53:13.270 [main] INFO  o.s.w.s.h.SimpleUrlHandlerMapping - Mapped URL path [/**] onto handler of type [class org.springframework.web.servlet.resource.ResourceHttpRequestHandler]
11:53:13.367 [main] INFO  o.s.w.s.h.SimpleUrlHandlerMapping - Mapped URL path [/**/favicon.ico] onto handler of type [class org.springframework.web.servlet.resource.ResourceHttpRequestHandler]
11:53:13.803 [main] INFO  o.s.j.e.a.AnnotationMBeanExporter - Registering beans for JMX exposure on startup
11:53:13.844 [main] INFO  o.a.coyote.http11.Http11NioProtocol - Initializing ProtocolHandler ["http-nio-8080"]
11:53:13.859 [main] INFO  o.a.coyote.http11.Http11NioProtocol - Starting ProtocolHandler ["http-nio-8080"]
11:53:13.878 [main] INFO  o.a.tomcat.util.net.NioSelectorPool - Using a shared selector for servlet write/read
11:53:13.904 [main] INFO  o.s.b.c.e.t.TomcatEmbeddedServletContainer - Tomcat started on port(s): 8080 (http)
11:53:13.911 [main] INFO  b.r.packetdelivery.back_end.App - Started App in 12.654 seconds (JVM running for 13.778)
13:08:05.958 [http-nio-8080-exec-1] INFO  o.a.c.c.C.[Tomcat].[localhost].[/] - Initializing Spring FrameworkServlet 'dispatcherServlet'
13:08:05.959 [http-nio-8080-exec-1] INFO  o.s.web.servlet.DispatcherServlet - FrameworkServlet 'dispatcherServlet': initialization started
13:08:06.063 [http-nio-8080-exec-1] INFO  o.s.web.servlet.DispatcherServlet - FrameworkServlet 'dispatcherServlet': initialization completed in 104 ms
