11:53:07.266 [localhost-startStop-1] INFO  o.s.web.context.ContextLoader - Root WebApplicationContext: initialization completed in 5071 ms
11:53:12.914 [main] INFO  o.s.w.s.m.m.a.RequestMappingHandlerAdapter - Looking for @ControllerAdvice: org.springframework.boot.context.embedded.AnnotationConfigEmbeddedWebApplicationContext@f0f2775: startup date [Wed Dec 30 11:53:02 CET 2015]; root of context hierarchy
11:53:13.066 [main] INFO  o.s.w.s.m.m.a.RequestMappingHandlerMapping - Mapped "{[/packet/add],methods=[POST]}" onto public java.lang.String be.rdhaese.packetdelivery.back_end.rest_controller.AddPacketController.addPacket(be.rdhaese.packetdelivery.dto.PacketDTO)
11:53:13.070 [main] INFO  o.s.w.s.m.m.a.RequestMappingHandlerMapping - Mapped "{[/authenticate/],methods=[GET]}" onto public boolean be.rdhaese.packetdelivery.back_end.rest_controller.AuthenticateController.authenticate(java.lang.String,java.lang.String)
11:53:13.073 [main] INFO  o.s.w.s.m.m.a.RequestMappingHandlerMapping - Mapped "{[/round/new],methods=[GET]}" onto public java.lang.String be.rdhaese.packetdelivery.back_end.rest_controller.CreateNewRoundService.newRound(int)
11:53:13.074 [main] INFO  o.s.w.s.m.m.a.RequestMappingHandlerMapping - Mapped "{[/contact-information/get],methods=[GET]}" onto public be.rdhaese.packetdelivery.dto.ContactDetailsDTO be.rdhaese.packetdelivery.back_end.rest_controller.EditContactInformationController.get()
11:53:13.075 [main] INFO  o.s.w.s.m.m.a.RequestMappingHandlerMapping - Mapped "{[/contact-information/post],methods=[POST]}" onto public boolean be.rdhaese.packetdelivery.back_end.rest_controller.EditContactInformationController.post(be.rdhaese.packetdelivery.dto.ContactDetailsDTO)
11:53:13.076 [main] INFO  o.s.w.s.m.m.a.RequestMappingHandlerMapping - Mapped "{[/regions/all],methods=[GET]}" onto public java.util.Collection<be.rdhaese.packetdelivery.dto.RegionDTO> be.rdhaese.packetdelivery.back_end.rest_controller.GetRegionsController.regions()
11:53:13.080 [main] INFO  o.s.w.s.m.m.a.RequestMappingHandlerMapping - Mapped "{[/error]}" onto public org.springframework.http.ResponseEntity<java.util.Map<java.lang.String, java.lang.Object>> org.springframework.boot.autoconfigure.web.BasicErrorController.error(javax.servlet.http.HttpServletRequest)
11:53:13.081 [main] INFO  o.s.w.s.m.m.a.RequestMappingHandlerMapping - Mapped "{[/error],produces=[text/html]}" onto public org.springframework.web.servlet.ModelAndView org.springframework.boot.autoconfigure.web.BasicErrorController.errorHtml(javax.servlet.http.HttpServletRequest)
11:53:13.270 [main] INFO  o.s.w.s.h.SimpleUrlHandlerMapping - Mapped URL path [/webjars/**] onto handler of type [class org.springframework.web.servlet.resource.ResourceHttpRequestHandler]
11:53:13.270 [main] INFO  o.s.w.s.h.SimpleUrlHandlerMapping - Mapped URL path [/**] onto handler of type [class org.springframework.web.servlet.resource.ResourceHttpRequestHandler]
11:53:13.367 [main] INFO  o.s.w.s.h.SimpleUrlHandlerMapping - Mapped URL path [/**/favicon.ico] onto handler of type [class org.springframework.web.servlet.resource.ResourceHttpRequestHandler]
13:08:05.959 [http-nio-8080-exec-1] INFO  o.s.web.servlet.DispatcherServlet - FrameworkServlet 'dispatcherServlet': initialization started
13:08:06.063 [http-nio-8080-exec-1] INFO  o.s.web.servlet.DispatcherServlet - FrameworkServlet 'dispatcherServlet': initialization completed in 104 ms
13:36:01.900 [localhost-startStop-1] INFO  o.s.web.context.ContextLoader - Root WebApplicationContext: initialization completed in 4351 ms
13:46:21.321 [localhost-startStop-1] INFO  o.s.web.context.ContextLoader - Root WebApplicationContext: initialization completed in 4611 ms
13:46:26.095 [main] INFO  o.s.w.s.m.m.a.RequestMappingHandlerAdapter - Looking for @ControllerAdvice: org.springframework.boot.context.embedded.AnnotationConfigEmbeddedWebApplicationContext@6591f517: startup date [Wed Dec 30 13:46:16 CET 2015]; root of context hierarchy
13:46:26.270 [main] INFO  o.s.w.s.m.m.a.RequestMappingHandlerMapping - Mapped "{[/packet/add],methods=[POST]}" onto public java.lang.String be.rdhaese.packetdelivery.back_end.rest_controller.AddPacketController.addPacket(be.rdhaese.packetdelivery.dto.PacketDTO)
13:46:26.273 [main] INFO  o.s.w.s.m.m.a.RequestMappingHandlerMapping - Mapped "{[/authenticate/],methods=[GET]}" onto public boolean be.rdhaese.packetdelivery.back_end.rest_controller.AuthenticateController.authenticate(java.lang.String,java.lang.String)
13:46:26.274 [main] INFO  o.s.w.s.m.m.a.RequestMappingHandlerMapping - Mapped "{[/round/new],methods=[GET]}" onto public java.lang.String be.rdhaese.packetdelivery.back_end.rest_controller.CreateNewRoundService.newRound(int)
13:46:26.275 [main] INFO  o.s.w.s.m.m.a.RequestMappingHandlerMapping - Mapped "{[/contact-information/get],methods=[GET]}" onto public be.rdhaese.packetdelivery.dto.ContactDetailsDTO be.rdhaese.packetdelivery.back_end.rest_controller.EditContactInformationController.get()
13:46:26.276 [main] INFO  o.s.w.s.m.m.a.RequestMappingHandlerMapping - Mapped "{[/contact-information/post],methods=[POST]}" onto public boolean be.rdhaese.packetdelivery.back_end.rest_controller.EditContactInformationController.post(be.rdhaese.packetdelivery.dto.ContactDetailsDTO)
13:46:26.277 [main] INFO  o.s.w.s.m.m.a.RequestMappingHandlerMapping - Mapped "{[/regions/all],methods=[GET]}" onto public java.util.Collection<be.rdhaese.packetdelivery.dto.RegionDTO> be.rdhaese.packetdelivery.back_end.rest_controller.GetRegionsController.regions()
13:46:26.283 [main] INFO  o.s.w.s.m.m.a.RequestMappingHandlerMapping - Mapped "{[/error]}" onto public org.springframework.http.ResponseEntity<java.util.Map<java.lang.String, java.lang.Object>> org.springframework.boot.autoconfigure.web.BasicErrorController.error(javax.servlet.http.HttpServletRequest)
13:46:26.285 [main] INFO  o.s.w.s.m.m.a.RequestMappingHandlerMapping - Mapped "{[/error],produces=[text/html]}" onto public org.springframework.web.servlet.ModelAndView org.springframework.boot.autoconfigure.web.BasicErrorController.errorHtml(javax.servlet.http.HttpServletRequest)
13:46:26.355 [main] INFO  o.s.w.s.h.SimpleUrlHandlerMapping - Mapped URL path [/webjars/**] onto handler of type [class org.springframework.web.servlet.resource.ResourceHttpRequestHandler]
13:46:26.356 [main] INFO  o.s.w.s.h.SimpleUrlHandlerMapping - Mapped URL path [/**] onto handler of type [class org.springframework.web.servlet.resource.ResourceHttpRequestHandler]
13:46:26.456 [main] INFO  o.s.w.s.h.SimpleUrlHandlerMapping - Mapped URL path [/**/favicon.ico] onto handler of type [class org.springframework.web.servlet.resource.ResourceHttpRequestHandler]
